CRITICAL - 2023-01-06 06:33:49 --> Undefined variable $header
in APPPATH\Views\list.php on line 1.
 1 APPPATH\Views\list.php(1): CodeIgniter\Debug\Exceptions->errorHandler(2, 'Undefined variable $header', 'APPPATH\\Views\\list.php', 1)
 2 SYSTEMPATH\View\View.php(213): include('APPPATH\\Views\\list.php')
 3 SYSTEMPATH\View\View.php(216): CodeIgniter\View\View->CodeIgniter\View\{closure}()
 4 SYSTEMPATH\Common.php(1135): CodeIgniter\View\View->render('list', [], true)
 5 APPPATH\Controllers\Indicadores.php(18): view('list', [...])
 6 SYSTEMPATH\CodeIgniter.php(925): App\Controllers\Indicadores->index()
 7 SYSTEMPATH\CodeIgniter.php(480): CodeIgniter\CodeIgniter->runController(Object(App\Controllers\Indicadores))
 8 SYSTEMPATH\CodeIgniter.php(349): CodeIgniter\CodeIgniter->handleRequest(null, Object(Config\Cache), false)
 9 FCPATH\index.php(67): CodeIgniter\CodeIgniter->run()
10 SYSTEMPATH\Commands\Server\rewrite.php(47): require_once('FCPATH\\index.php')
CRITICAL - 2023-01-06 06:35:37 --> Undefined variable $header
in APPPATH\Views\list.php on line 1.
 1 APPPATH\Views\list.php(1): CodeIgniter\Debug\Exceptions->errorHandler(2, 'Undefined variable $header', 'APPPATH\\Views\\list.php', 1)
 2 SYSTEMPATH\View\View.php(213): include('APPPATH\\Views\\list.php')
 3 SYSTEMPATH\View\View.php(216): CodeIgniter\View\View->CodeIgniter\View\{closure}()
 4 SYSTEMPATH\Common.php(1135): CodeIgniter\View\View->render('list', [], true)
 5 APPPATH\Controllers\Indicadores.php(18): view('list', [...])
 6 SYSTEMPATH\CodeIgniter.php(925): App\Controllers\Indicadores->index()
 7 SYSTEMPATH\CodeIgniter.php(480): CodeIgniter\CodeIgniter->runController(Object(App\Controllers\Indicadores))
 8 SYSTEMPATH\CodeIgniter.php(349): CodeIgniter\CodeIgniter->handleRequest(null, Object(Config\Cache), false)
 9 FCPATH\index.php(67): CodeIgniter\CodeIgniter->run()
10 SYSTEMPATH\Commands\Server\rewrite.php(47): require_once('FCPATH\\index.php')
CRITICAL - 2023-01-06 06:35:39 --> Undefined variable $header
in APPPATH\Views\list.php on line 1.
 1 APPPATH\Views\list.php(1): CodeIgniter\Debug\Exceptions->errorHandler(2, 'Undefined variable $header', 'APPPATH\\Views\\list.php', 1)
 2 SYSTEMPATH\View\View.php(213): include('APPPATH\\Views\\list.php')
 3 SYSTEMPATH\View\View.php(216): CodeIgniter\View\View->CodeIgniter\View\{closure}()
 4 SYSTEMPATH\Common.php(1135): CodeIgniter\View\View->render('list', [], true)
 5 APPPATH\Controllers\Indicadores.php(18): view('list', [...])
 6 SYSTEMPATH\CodeIgniter.php(925): App\Controllers\Indicadores->index()
 7 SYSTEMPATH\CodeIgniter.php(480): CodeIgniter\CodeIgniter->runController(Object(App\Controllers\Indicadores))
 8 SYSTEMPATH\CodeIgniter.php(349): CodeIgniter\CodeIgniter->handleRequest(null, Object(Config\Cache), false)
 9 FCPATH\index.php(67): CodeIgniter\CodeIgniter->run()
10 SYSTEMPATH\Commands\Server\rewrite.php(47): require_once('FCPATH\\index.php')
CRITICAL - 2023-01-06 06:36:00 --> Undefined variable $header
in APPPATH\Views\list.php on line 1.
 1 APPPATH\Views\list.php(1): CodeIgniter\Debug\Exceptions->errorHandler(2, 'Undefined variable $header', 'APPPATH\\Views\\list.php', 1)
 2 SYSTEMPATH\View\View.php(213): include('APPPATH\\Views\\list.php')
 3 SYSTEMPATH\View\View.php(216): CodeIgniter\View\View->CodeIgniter\View\{closure}()
 4 SYSTEMPATH\Common.php(1135): CodeIgniter\View\View->render('list', [], true)
 5 APPPATH\Controllers\Indicadores.php(18): view('list', [...])
 6 SYSTEMPATH\CodeIgniter.php(925): App\Controllers\Indicadores->index()
 7 SYSTEMPATH\CodeIgniter.php(480): CodeIgniter\CodeIgniter->runController(Object(App\Controllers\Indicadores))
 8 SYSTEMPATH\CodeIgniter.php(349): CodeIgniter\CodeIgniter->handleRequest(null, Object(Config\Cache), false)
 9 FCPATH\index.php(67): CodeIgniter\CodeIgniter->run()
10 SYSTEMPATH\Commands\Server\rewrite.php(47): require_once('FCPATH\\index.php')
CRITICAL - 2023-01-06 06:36:28 --> Undefined variable $header
in APPPATH\Views\list.php on line 1.
 1 APPPATH\Views\list.php(1): CodeIgniter\Debug\Exceptions->errorHandler(2, 'Undefined variable $header', 'APPPATH\\Views\\list.php', 1)
 2 SYSTEMPATH\View\View.php(213): include('APPPATH\\Views\\list.php')
 3 SYSTEMPATH\View\View.php(216): CodeIgniter\View\View->CodeIgniter\View\{closure}()
 4 SYSTEMPATH\Common.php(1135): CodeIgniter\View\View->render('list', [], true)
 5 APPPATH\Controllers\Indicadores.php(18): view('list', [...])
 6 SYSTEMPATH\CodeIgniter.php(925): App\Controllers\Indicadores->index()
 7 SYSTEMPATH\CodeIgniter.php(480): CodeIgniter\CodeIgniter->runController(Object(App\Controllers\Indicadores))
 8 SYSTEMPATH\CodeIgniter.php(349): CodeIgniter\CodeIgniter->handleRequest(null, Object(Config\Cache), false)
 9 FCPATH\index.php(67): CodeIgniter\CodeIgniter->run()
10 SYSTEMPATH\Commands\Server\rewrite.php(47): require_once('FCPATH\\index.php')
CRITICAL - 2023-01-06 06:56:05 --> Undefined variable $header
in APPPATH\Views\chartjs.php on line 1.
 1 APPPATH\Views\chartjs.php(1): CodeIgniter\Debug\Exceptions->errorHandler(2, 'Undefined variable $header', 'APPPATH\\Views\\chartjs.php', 1)
 2 SYSTEMPATH\View\View.php(213): include('APPPATH\\Views\\chartjs.php')
 3 SYSTEMPATH\View\View.php(216): CodeIgniter\View\View->CodeIgniter\View\{closure}()
 4 SYSTEMPATH\Common.php(1135): CodeIgniter\View\View->render('chartjs', [], true)
 5 APPPATH\Controllers\Home.php(9): view('chartjs')
 6 SYSTEMPATH\CodeIgniter.php(925): App\Controllers\Home->index()
 7 SYSTEMPATH\CodeIgniter.php(480): CodeIgniter\CodeIgniter->runController(Object(App\Controllers\Home))
 8 SYSTEMPATH\CodeIgniter.php(349): CodeIgniter\CodeIgniter->handleRequest(null, Object(Config\Cache), false)
 9 FCPATH\index.php(67): CodeIgniter\CodeIgniter->run()
10 SYSTEMPATH\Commands\Server\rewrite.php(47): require_once('FCPATH\\index.php')
CRITICAL - 2023-01-06 06:57:20 --> Undefined variable $header
in APPPATH\Views\chartjs.php on line 1.
 1 APPPATH\Views\chartjs.php(1): CodeIgniter\Debug\Exceptions->errorHandler(2, 'Undefined variable $header', 'APPPATH\\Views\\chartjs.php', 1)
 2 SYSTEMPATH\View\View.php(213): include('APPPATH\\Views\\chartjs.php')
 3 SYSTEMPATH\View\View.php(216): CodeIgniter\View\View->CodeIgniter\View\{closure}()
 4 SYSTEMPATH\Common.php(1135): CodeIgniter\View\View->render('chartjs', [], true)
 5 APPPATH\Controllers\Home.php(11): view('chartjs')
 6 SYSTEMPATH\CodeIgniter.php(925): App\Controllers\Home->index()
 7 SYSTEMPATH\CodeIgniter.php(480): CodeIgniter\CodeIgniter->runController(Object(App\Controllers\Home))
 8 SYSTEMPATH\CodeIgniter.php(349): CodeIgniter\CodeIgniter->handleRequest(null, Object(Config\Cache), false)
 9 FCPATH\index.php(67): CodeIgniter\CodeIgniter->run()
10 SYSTEMPATH\Commands\Server\rewrite.php(47): require_once('FCPATH\\index.php')
CRITICAL - 2023-01-06 06:57:23 --> Undefined variable $header
in APPPATH\Views\chartjs.php on line 1.
 1 APPPATH\Views\chartjs.php(1): CodeIgniter\Debug\Exceptions->errorHandler(2, 'Undefined variable $header', 'APPPATH\\Views\\chartjs.php', 1)
 2 SYSTEMPATH\View\View.php(213): include('APPPATH\\Views\\chartjs.php')
 3 SYSTEMPATH\View\View.php(216): CodeIgniter\View\View->CodeIgniter\View\{closure}()
 4 SYSTEMPATH\Common.php(1135): CodeIgniter\View\View->render('chartjs', [], true)
 5 APPPATH\Controllers\Home.php(11): view('chartjs')
 6 SYSTEMPATH\CodeIgniter.php(925): App\Controllers\Home->index()
 7 SYSTEMPATH\CodeIgniter.php(480): CodeIgniter\CodeIgniter->runController(Object(App\Controllers\Home))
 8 SYSTEMPATH\CodeIgniter.php(349): CodeIgniter\CodeIgniter->handleRequest(null, Object(Config\Cache), false)
 9 FCPATH\index.php(67): CodeIgniter\CodeIgniter->run()
10 SYSTEMPATH\Commands\Server\rewrite.php(47): require_once('FCPATH\\index.php')
CRITICAL - 2023-01-06 06:57:23 --> Undefined variable $header
in APPPATH\Views\chartjs.php on line 1.
 1 APPPATH\Views\chartjs.php(1): CodeIgniter\Debug\Exceptions->errorHandler(2, 'Undefined variable $header', 'APPPATH\\Views\\chartjs.php', 1)
 2 SYSTEMPATH\View\View.php(213): include('APPPATH\\Views\\chartjs.php')
 3 SYSTEMPATH\View\View.php(216): CodeIgniter\View\View->CodeIgniter\View\{closure}()
 4 SYSTEMPATH\Common.php(1135): CodeIgniter\View\View->render('chartjs', [], true)
 5 APPPATH\Controllers\Home.php(11): view('chartjs')
 6 SYSTEMPATH\CodeIgniter.php(925): App\Controllers\Home->index()
 7 SYSTEMPATH\CodeIgniter.php(480): CodeIgniter\CodeIgniter->runController(Object(App\Controllers\Home))
 8 SYSTEMPATH\CodeIgniter.php(349): CodeIgniter\CodeIgniter->handleRequest(null, Object(Config\Cache), false)
 9 FCPATH\index.php(67): CodeIgniter\CodeIgniter->run()
10 SYSTEMPATH\Commands\Server\rewrite.php(47): require_once('FCPATH\\index.php')
CRITICAL - 2023-01-06 06:57:24 --> Undefined variable $header
in APPPATH\Views\chartjs.php on line 1.
 1 APPPATH\Views\chartjs.php(1): CodeIgniter\Debug\Exceptions->errorHandler(2, 'Undefined variable $header', 'APPPATH\\Views\\chartjs.php', 1)
 2 SYSTEMPATH\View\View.php(213): include('APPPATH\\Views\\chartjs.php')
 3 SYSTEMPATH\View\View.php(216): CodeIgniter\View\View->CodeIgniter\View\{closure}()
 4 SYSTEMPATH\Common.php(1135): CodeIgniter\View\View->render('chartjs', [], true)
 5 APPPATH\Controllers\Home.php(11): view('chartjs')
 6 SYSTEMPATH\CodeIgniter.php(925): App\Controllers\Home->index()
 7 SYSTEMPATH\CodeIgniter.php(480): CodeIgniter\CodeIgniter->runController(Object(App\Controllers\Home))
 8 SYSTEMPATH\CodeIgniter.php(349): CodeIgniter\CodeIgniter->handleRequest(null, Object(Config\Cache), false)
 9 FCPATH\index.php(67): CodeIgniter\CodeIgniter->run()
10 SYSTEMPATH\Commands\Server\rewrite.php(47): require_once('FCPATH\\index.php')
CRITICAL - 2023-01-06 06:57:24 --> Undefined variable $header
in APPPATH\Views\chartjs.php on line 1.
 1 APPPATH\Views\chartjs.php(1): CodeIgniter\Debug\Exceptions->errorHandler(2, 'Undefined variable $header', 'APPPATH\\Views\\chartjs.php', 1)
 2 SYSTEMPATH\View\View.php(213): include('APPPATH\\Views\\chartjs.php')
 3 SYSTEMPATH\View\View.php(216): CodeIgniter\View\View->CodeIgniter\View\{closure}()
 4 SYSTEMPATH\Common.php(1135): CodeIgniter\View\View->render('chartjs', [], true)
 5 APPPATH\Controllers\Home.php(11): view('chartjs')
 6 SYSTEMPATH\CodeIgniter.php(925): App\Controllers\Home->index()
 7 SYSTEMPATH\CodeIgniter.php(480): CodeIgniter\CodeIgniter->runController(Object(App\Controllers\Home))
 8 SYSTEMPATH\CodeIgniter.php(349): CodeIgniter\CodeIgniter->handleRequest(null, Object(Config\Cache), false)
 9 FCPATH\index.php(67): CodeIgniter\CodeIgniter->run()
10 SYSTEMPATH\Commands\Server\rewrite.php(47): require_once('FCPATH\\index.php')
CRITICAL - 2023-01-06 06:57:25 --> Undefined variable $header
in APPPATH\Views\chartjs.php on line 1.
 1 APPPATH\Views\chartjs.php(1): CodeIgniter\Debug\Exceptions->errorHandler(2, 'Undefined variable $header', 'APPPATH\\Views\\chartjs.php', 1)
 2 SYSTEMPATH\View\View.php(213): include('APPPATH\\Views\\chartjs.php')
 3 SYSTEMPATH\View\View.php(216): CodeIgniter\View\View->CodeIgniter\View\{closure}()
 4 SYSTEMPATH\Common.php(1135): CodeIgniter\View\View->render('chartjs', [], true)
 5 APPPATH\Controllers\Home.php(11): view('chartjs')
 6 SYSTEMPATH\CodeIgniter.php(925): App\Controllers\Home->index()
 7 SYSTEMPATH\CodeIgniter.php(480): CodeIgniter\CodeIgniter->runController(Object(App\Controllers\Home))
 8 SYSTEMPATH\CodeIgniter.php(349): CodeIgniter\CodeIgniter->handleRequest(null, Object(Config\Cache), false)
 9 FCPATH\index.php(67): CodeIgniter\CodeIgniter->run()
10 SYSTEMPATH\Commands\Server\rewrite.php(47): require_once('FCPATH\\index.php')
CRITICAL - 2023-01-06 06:57:25 --> Undefined variable $header
in APPPATH\Views\chartjs.php on line 1.
 1 APPPATH\Views\chartjs.php(1): CodeIgniter\Debug\Exceptions->errorHandler(2, 'Undefined variable $header', 'APPPATH\\Views\\chartjs.php', 1)
 2 SYSTEMPATH\View\View.php(213): include('APPPATH\\Views\\chartjs.php')
 3 SYSTEMPATH\View\View.php(216): CodeIgniter\View\View->CodeIgniter\View\{closure}()
 4 SYSTEMPATH\Common.php(1135): CodeIgniter\View\View->render('chartjs', [], true)
 5 APPPATH\Controllers\Home.php(11): view('chartjs')
 6 SYSTEMPATH\CodeIgniter.php(925): App\Controllers\Home->index()
 7 SYSTEMPATH\CodeIgniter.php(480): CodeIgniter\CodeIgniter->runController(Object(App\Controllers\Home))
 8 SYSTEMPATH\CodeIgniter.php(349): CodeIgniter\CodeIgniter->handleRequest(null, Object(Config\Cache), false)
 9 FCPATH\index.php(67): CodeIgniter\CodeIgniter->run()
10 SYSTEMPATH\Commands\Server\rewrite.php(47): require_once('FCPATH\\index.php')
CRITICAL - 2023-01-06 06:57:26 --> Undefined variable $header
in APPPATH\Views\chartjs.php on line 1.
 1 APPPATH\Views\chartjs.php(1): CodeIgniter\Debug\Exceptions->errorHandler(2, 'Undefined variable $header', 'APPPATH\\Views\\chartjs.php', 1)
 2 SYSTEMPATH\View\View.php(213): include('APPPATH\\Views\\chartjs.php')
 3 SYSTEMPATH\View\View.php(216): CodeIgniter\View\View->CodeIgniter\View\{closure}()
 4 SYSTEMPATH\Common.php(1135): CodeIgniter\View\View->render('chartjs', [], true)
 5 APPPATH\Controllers\Home.php(11): view('chartjs')
 6 SYSTEMPATH\CodeIgniter.php(925): App\Controllers\Home->index()
 7 SYSTEMPATH\CodeIgniter.php(480): CodeIgniter\CodeIgniter->runController(Object(App\Controllers\Home))
 8 SYSTEMPATH\CodeIgniter.php(349): CodeIgniter\CodeIgniter->handleRequest(null, Object(Config\Cache), false)
 9 FCPATH\index.php(67): CodeIgniter\CodeIgniter->run()
10 SYSTEMPATH\Commands\Server\rewrite.php(47): require_once('FCPATH\\index.php')
CRITICAL - 2023-01-06 06:57:27 --> Undefined variable $header
in APPPATH\Views\chartjs.php on line 1.
 1 APPPATH\Views\chartjs.php(1): CodeIgniter\Debug\Exceptions->errorHandler(2, 'Undefined variable $header', 'APPPATH\\Views\\chartjs.php', 1)
 2 SYSTEMPATH\View\View.php(213): include('APPPATH\\Views\\chartjs.php')
 3 SYSTEMPATH\View\View.php(216): CodeIgniter\View\View->CodeIgniter\View\{closure}()
 4 SYSTEMPATH\Common.php(1135): CodeIgniter\View\View->render('chartjs', [], true)
 5 APPPATH\Controllers\Home.php(11): view('chartjs')
 6 SYSTEMPATH\CodeIgniter.php(925): App\Controllers\Home->index()
 7 SYSTEMPATH\CodeIgniter.php(480): CodeIgniter\CodeIgniter->runController(Object(App\Controllers\Home))
 8 SYSTEMPATH\CodeIgniter.php(349): CodeIgniter\CodeIgniter->handleRequest(null, Object(Config\Cache), false)
 9 FCPATH\index.php(67): CodeIgniter\CodeIgniter->run()
10 SYSTEMPATH\Commands\Server\rewrite.php(47): require_once('FCPATH\\index.php')
CRITICAL - 2023-01-06 06:57:28 --> Undefined variable $header
in APPPATH\Views\chartjs.php on line 1.
 1 APPPATH\Views\chartjs.php(1): CodeIgniter\Debug\Exceptions->errorHandler(2, 'Undefined variable $header', 'APPPATH\\Views\\chartjs.php', 1)
 2 SYSTEMPATH\View\View.php(213): include('APPPATH\\Views\\chartjs.php')
 3 SYSTEMPATH\View\View.php(216): CodeIgniter\View\View->CodeIgniter\View\{closure}()
 4 SYSTEMPATH\Common.php(1135): CodeIgniter\View\View->render('chartjs', [], true)
 5 APPPATH\Controllers\Home.php(11): view('chartjs')
 6 SYSTEMPATH\CodeIgniter.php(925): App\Controllers\Home->index()
 7 SYSTEMPATH\CodeIgniter.php(480): CodeIgniter\CodeIgniter->runController(Object(App\Controllers\Home))
 8 SYSTEMPATH\CodeIgniter.php(349): CodeIgniter\CodeIgniter->handleRequest(null, Object(Config\Cache), false)
 9 FCPATH\index.php(67): CodeIgniter\CodeIgniter->run()
10 SYSTEMPATH\Commands\Server\rewrite.php(47): require_once('FCPATH\\index.php')
CRITICAL - 2023-01-06 06:57:29 --> Undefined variable $header
in APPPATH\Views\chartjs.php on line 1.
 1 APPPATH\Views\chartjs.php(1): CodeIgniter\Debug\Exceptions->errorHandler(2, 'Undefined variable $header', 'APPPATH\\Views\\chartjs.php', 1)
 2 SYSTEMPATH\View\View.php(213): include('APPPATH\\Views\\chartjs.php')
 3 SYSTEMPATH\View\View.php(216): CodeIgniter\View\View->CodeIgniter\View\{closure}()
 4 SYSTEMPATH\Common.php(1135): CodeIgniter\View\View->render('chartjs', [], true)
 5 APPPATH\Controllers\Home.php(11): view('chartjs')
 6 SYSTEMPATH\CodeIgniter.php(925): App\Controllers\Home->index()
 7 SYSTEMPATH\CodeIgniter.php(480): CodeIgniter\CodeIgniter->runController(Object(App\Controllers\Home))
 8 SYSTEMPATH\CodeIgniter.php(349): CodeIgniter\CodeIgniter->handleRequest(null, Object(Config\Cache), false)
 9 FCPATH\index.php(67): CodeIgniter\CodeIgniter->run()
10 SYSTEMPATH\Commands\Server\rewrite.php(47): require_once('FCPATH\\index.php')
CRITICAL - 2023-01-06 13:23:32 --> Undefined variable $header
in APPPATH\Views\grafico.php on line 1.
 1 APPPATH\Views\grafico.php(1): CodeIgniter\Debug\Exceptions->errorHandler(2, 'Undefined variable $header', 'APPPATH\\Views\\grafico.php', 1)
 2 SYSTEMPATH\View\View.php(213): include('APPPATH\\Views\\grafico.php')
 3 SYSTEMPATH\View\View.php(216): CodeIgniter\View\View->CodeIgniter\View\{closure}()
 4 SYSTEMPATH\Common.php(1135): CodeIgniter\View\View->render('grafico', [], true)
 5 APPPATH\Controllers\Home.php(9): view('grafico')
 6 SYSTEMPATH\CodeIgniter.php(925): App\Controllers\Home->index()
 7 SYSTEMPATH\CodeIgniter.php(480): CodeIgniter\CodeIgniter->runController(Object(App\Controllers\Home))
 8 SYSTEMPATH\CodeIgniter.php(349): CodeIgniter\CodeIgniter->handleRequest(null, Object(Config\Cache), false)
 9 FCPATH\index.php(67): CodeIgniter\CodeIgniter->run()
10 SYSTEMPATH\Commands\Server\rewrite.php(47): require_once('FCPATH\\index.php')
CRITICAL - 2023-01-06 13:23:32 --> Undefined variable $header
in APPPATH\Views\grafico.php on line 1.
 1 APPPATH\Views\grafico.php(1): CodeIgniter\Debug\Exceptions->errorHandler(2, 'Undefined variable $header', 'APPPATH\\Views\\grafico.php', 1)
 2 SYSTEMPATH\View\View.php(213): include('APPPATH\\Views\\grafico.php')
 3 SYSTEMPATH\View\View.php(216): CodeIgniter\View\View->CodeIgniter\View\{closure}()
 4 SYSTEMPATH\Common.php(1135): CodeIgniter\View\View->render('grafico', [], true)
 5 APPPATH\Controllers\Home.php(9): view('grafico')
 6 SYSTEMPATH\CodeIgniter.php(925): App\Controllers\Home->index()
 7 SYSTEMPATH\CodeIgniter.php(480): CodeIgniter\CodeIgniter->runController(Object(App\Controllers\Home))
 8 SYSTEMPATH\CodeIgniter.php(349): CodeIgniter\CodeIgniter->handleRequest(null, Object(Config\Cache), false)
 9 FCPATH\index.php(67): CodeIgniter\CodeIgniter->run()
10 SYSTEMPATH\Commands\Server\rewrite.php(47): require_once('FCPATH\\index.php')
CRITICAL - 2023-01-06 13:26:13 --> Undefined property: App\Controllers\gIndicadores::$gIndicadorModel
in APPPATH\Controllers\gIndicadores.php on line 12.
 1 APPPATH\Controllers\gIndicadores.php(12): CodeIgniter\Debug\Exceptions->errorHandler(2, 'Undefined property: App\\Controllers\\gIndicadores::$gIndicadorModel', 'APPPATH\\Controllers\\gIndicadores.php', 12)
 2 SYSTEMPATH\CodeIgniter.php(925): App\Controllers\gIndicadores->getDatos()
 3 SYSTEMPATH\CodeIgniter.php(480): CodeIgniter\CodeIgniter->runController(Object(App\Controllers\gIndicadores))
 4 SYSTEMPATH\CodeIgniter.php(349): CodeIgniter\CodeIgniter->handleRequest(null, Object(Config\Cache), false)
 5 FCPATH\index.php(67): CodeIgniter\CodeIgniter->run()
 6 SYSTEMPATH\Commands\Server\rewrite.php(47): require_once('FCPATH\\index.php')
CRITICAL - 2023-01-06 13:26:40 --> Undefined property: App\Controllers\gIndicadores::$gIndicadorModel
in APPPATH\Controllers\gIndicadores.php on line 12.
 1 APPPATH\Controllers\gIndicadores.php(12): CodeIgniter\Debug\Exceptions->errorHandler(2, 'Undefined property: App\\Controllers\\gIndicadores::$gIndicadorModel', 'APPPATH\\Controllers\\gIndicadores.php', 12)
 2 SYSTEMPATH\CodeIgniter.php(925): App\Controllers\gIndicadores->getDatos()
 3 SYSTEMPATH\CodeIgniter.php(480): CodeIgniter\CodeIgniter->runController(Object(App\Controllers\gIndicadores))
 4 SYSTEMPATH\CodeIgniter.php(349): CodeIgniter\CodeIgniter->handleRequest(null, Object(Config\Cache), false)
 5 FCPATH\index.php(67): CodeIgniter\CodeIgniter->run()
 6 SYSTEMPATH\Commands\Server\rewrite.php(47): require_once('FCPATH\\index.php')
CRITICAL - 2023-01-06 13:27:27 --> Undefined property: App\Controllers\gIndicadores::$gIndicadorModel
in APPPATH\Controllers\gIndicadores.php on line 12.
 1 APPPATH\Controllers\gIndicadores.php(12): CodeIgniter\Debug\Exceptions->errorHandler(2, 'Undefined property: App\\Controllers\\gIndicadores::$gIndicadorModel', 'APPPATH\\Controllers\\gIndicadores.php', 12)
 2 SYSTEMPATH\CodeIgniter.php(925): App\Controllers\gIndicadores->getDatos()
 3 SYSTEMPATH\CodeIgniter.php(480): CodeIgniter\CodeIgniter->runController(Object(App\Controllers\gIndicadores))
 4 SYSTEMPATH\CodeIgniter.php(349): CodeIgniter\CodeIgniter->handleRequest(null, Object(Config\Cache), false)
 5 FCPATH\index.php(67): CodeIgniter\CodeIgniter->run()
 6 SYSTEMPATH\Commands\Server\rewrite.php(47): require_once('FCPATH\\index.php')
CRITICAL - 2023-01-06 13:27:47 --> Undefined property: App\Controllers\gIndicadores::$gIndicadorModel
in APPPATH\Controllers\gIndicadores.php on line 12.
 1 APPPATH\Controllers\gIndicadores.php(12): CodeIgniter\Debug\Exceptions->errorHandler(2, 'Undefined property: App\\Controllers\\gIndicadores::$gIndicadorModel', 'APPPATH\\Controllers\\gIndicadores.php', 12)
 2 SYSTEMPATH\CodeIgniter.php(925): App\Controllers\gIndicadores->getDatos()
 3 SYSTEMPATH\CodeIgniter.php(480): CodeIgniter\CodeIgniter->runController(Object(App\Controllers\gIndicadores))
 4 SYSTEMPATH\CodeIgniter.php(349): CodeIgniter\CodeIgniter->handleRequest(null, Object(Config\Cache), false)
 5 FCPATH\index.php(67): CodeIgniter\CodeIgniter->run()
 6 SYSTEMPATH\Commands\Server\rewrite.php(47): require_once('FCPATH\\index.php')
CRITICAL - 2023-01-06 13:28:00 --> Undefined property: App\Controllers\gIndicadores::$gIndicadorModel
in APPPATH\Controllers\gIndicadores.php on line 12.
 1 APPPATH\Controllers\gIndicadores.php(12): CodeIgniter\Debug\Exceptions->errorHandler(2, 'Undefined property: App\\Controllers\\gIndicadores::$gIndicadorModel', 'APPPATH\\Controllers\\gIndicadores.php', 12)
 2 SYSTEMPATH\CodeIgniter.php(925): App\Controllers\gIndicadores->getDatos()
 3 SYSTEMPATH\CodeIgniter.php(480): CodeIgniter\CodeIgniter->runController(Object(App\Controllers\gIndicadores))
 4 SYSTEMPATH\CodeIgniter.php(349): CodeIgniter\CodeIgniter->handleRequest(null, Object(Config\Cache), false)
 5 FCPATH\index.php(67): CodeIgniter\CodeIgniter->run()
 6 SYSTEMPATH\Commands\Server\rewrite.php(47): require_once('FCPATH\\index.php')
CRITICAL - 2023-01-06 13:28:12 --> Undefined property: App\Controllers\gIndicadores::$gIndicadorModel
in APPPATH\Controllers\gIndicadores.php on line 12.
 1 APPPATH\Controllers\gIndicadores.php(12): CodeIgniter\Debug\Exceptions->errorHandler(2, 'Undefined property: App\\Controllers\\gIndicadores::$gIndicadorModel', 'APPPATH\\Controllers\\gIndicadores.php', 12)
 2 SYSTEMPATH\CodeIgniter.php(925): App\Controllers\gIndicadores->getDatos()
 3 SYSTEMPATH\CodeIgniter.php(480): CodeIgniter\CodeIgniter->runController(Object(App\Controllers\gIndicadores))
 4 SYSTEMPATH\CodeIgniter.php(349): CodeIgniter\CodeIgniter->handleRequest(null, Object(Config\Cache), false)
 5 FCPATH\index.php(67): CodeIgniter\CodeIgniter->run()
 6 SYSTEMPATH\Commands\Server\rewrite.php(47): require_once('FCPATH\\index.php')
CRITICAL - 2023-01-06 13:28:42 --> Undefined property: App\Controllers\gIndicadores::$gIndicadorModel
in APPPATH\Controllers\gIndicadores.php on line 12.
 1 APPPATH\Controllers\gIndicadores.php(12): CodeIgniter\Debug\Exceptions->errorHandler(2, 'Undefined property: App\\Controllers\\gIndicadores::$gIndicadorModel', 'APPPATH\\Controllers\\gIndicadores.php', 12)
 2 SYSTEMPATH\CodeIgniter.php(925): App\Controllers\gIndicadores->getDatos()
 3 SYSTEMPATH\CodeIgniter.php(480): CodeIgniter\CodeIgniter->runController(Object(App\Controllers\gIndicadores))
 4 SYSTEMPATH\CodeIgniter.php(349): CodeIgniter\CodeIgniter->handleRequest(null, Object(Config\Cache), false)
 5 FCPATH\index.php(67): CodeIgniter\CodeIgniter->run()
 6 SYSTEMPATH\Commands\Server\rewrite.php(47): require_once('FCPATH\\index.php')
CRITICAL - 2023-01-06 13:29:10 --> Undefined property: App\Controllers\gIndicadores::$gIndicadorModel
in APPPATH\Controllers\gIndicadores.php on line 12.
 1 APPPATH\Controllers\gIndicadores.php(12): CodeIgniter\Debug\Exceptions->errorHandler(2, 'Undefined property: App\\Controllers\\gIndicadores::$gIndicadorModel', 'APPPATH\\Controllers\\gIndicadores.php', 12)
 2 SYSTEMPATH\CodeIgniter.php(925): App\Controllers\gIndicadores->getDatos()
 3 SYSTEMPATH\CodeIgniter.php(480): CodeIgniter\CodeIgniter->runController(Object(App\Controllers\gIndicadores))
 4 SYSTEMPATH\CodeIgniter.php(349): CodeIgniter\CodeIgniter->handleRequest(null, Object(Config\Cache), false)
 5 FCPATH\index.php(67): CodeIgniter\CodeIgniter->run()
 6 SYSTEMPATH\Commands\Server\rewrite.php(47): require_once('FCPATH\\index.php')
CRITICAL - 2023-01-06 13:31:47 --> Class "App\Controllers\IndicadorModel" not found
in APPPATH\Controllers\gIndicadores.php on line 20.
 1 SYSTEMPATH\CodeIgniter.php(925): App\Controllers\gIndicadores->getDatos()
 2 SYSTEMPATH\CodeIgniter.php(480): CodeIgniter\CodeIgniter->runController(Object(App\Controllers\gIndicadores))
 3 SYSTEMPATH\CodeIgniter.php(349): CodeIgniter\CodeIgniter->handleRequest(null, Object(Config\Cache), false)
 4 FCPATH\index.php(67): CodeIgniter\CodeIgniter->run()
 5 SYSTEMPATH\Commands\Server\rewrite.php(47): require_once('FCPATH\\index.php')
CRITICAL - 2023-01-06 13:33:27 --> Undefined property: App\Controllers\gIndicadores::$gIndicadorModel
in APPPATH\Controllers\gIndicadores.php on line 12.
 1 APPPATH\Controllers\gIndicadores.php(12): CodeIgniter\Debug\Exceptions->errorHandler(2, 'Undefined property: App\\Controllers\\gIndicadores::$gIndicadorModel', 'APPPATH\\Controllers\\gIndicadores.php', 12)
 2 SYSTEMPATH\CodeIgniter.php(925): App\Controllers\gIndicadores->getDatos()
 3 SYSTEMPATH\CodeIgniter.php(480): CodeIgniter\CodeIgniter->runController(Object(App\Controllers\gIndicadores))
 4 SYSTEMPATH\CodeIgniter.php(349): CodeIgniter\CodeIgniter->handleRequest(null, Object(Config\Cache), false)
 5 FCPATH\index.php(67): CodeIgniter\CodeIgniter->run()
 6 SYSTEMPATH\Commands\Server\rewrite.php(47): require_once('FCPATH\\index.php')
CRITICAL - 2023-01-06 13:33:43 --> Undefined property: App\Controllers\gIndicadores::$gIndicadorModel
in APPPATH\Controllers\gIndicadores.php on line 12.
 1 APPPATH\Controllers\gIndicadores.php(12): CodeIgniter\Debug\Exceptions->errorHandler(2, 'Undefined property: App\\Controllers\\gIndicadores::$gIndicadorModel', 'APPPATH\\Controllers\\gIndicadores.php', 12)
 2 SYSTEMPATH\CodeIgniter.php(925): App\Controllers\gIndicadores->getDatos()
 3 SYSTEMPATH\CodeIgniter.php(480): CodeIgniter\CodeIgniter->runController(Object(App\Controllers\gIndicadores))
 4 SYSTEMPATH\CodeIgniter.php(349): CodeIgniter\CodeIgniter->handleRequest(null, Object(Config\Cache), false)
 5 FCPATH\index.php(67): CodeIgniter\CodeIgniter->run()
 6 SYSTEMPATH\Commands\Server\rewrite.php(47): require_once('FCPATH\\index.php')
CRITICAL - 2023-01-06 13:38:40 --> Undefined property: App\Controllers\gIndicadores::$gIndicadorModel
in APPPATH\Controllers\gIndicadores.php on line 12.
 1 APPPATH\Controllers\gIndicadores.php(12): CodeIgniter\Debug\Exceptions->errorHandler(2, 'Undefined property: App\\Controllers\\gIndicadores::$gIndicadorModel', 'APPPATH\\Controllers\\gIndicadores.php', 12)
 2 SYSTEMPATH\CodeIgniter.php(925): App\Controllers\gIndicadores->getDatos()
 3 SYSTEMPATH\CodeIgniter.php(480): CodeIgniter\CodeIgniter->runController(Object(App\Controllers\gIndicadores))
 4 SYSTEMPATH\CodeIgniter.php(349): CodeIgniter\CodeIgniter->handleRequest(null, Object(Config\Cache), false)
 5 FCPATH\index.php(67): CodeIgniter\CodeIgniter->run()
 6 SYSTEMPATH\Commands\Server\rewrite.php(47): require_once('FCPATH\\index.php')
CRITICAL - 2023-01-06 13:39:22 --> Class "App\Controllers\IndicadorModel" not found
in APPPATH\Controllers\gIndicadores.php on line 18.
 1 SYSTEMPATH\CodeIgniter.php(925): App\Controllers\gIndicadores->index()
 2 SYSTEMPATH\CodeIgniter.php(480): CodeIgniter\CodeIgniter->runController(Object(App\Controllers\gIndicadores))
 3 SYSTEMPATH\CodeIgniter.php(349): CodeIgniter\CodeIgniter->handleRequest(null, Object(Config\Cache), false)
 4 FCPATH\index.php(67): CodeIgniter\CodeIgniter->run()
 5 SYSTEMPATH\Commands\Server\rewrite.php(47): require_once('FCPATH\\index.php')
CRITICAL - 2023-01-06 13:39:23 --> Class "App\Controllers\IndicadorModel" not found
in APPPATH\Controllers\gIndicadores.php on line 18.
 1 SYSTEMPATH\CodeIgniter.php(925): App\Controllers\gIndicadores->index()
 2 SYSTEMPATH\CodeIgniter.php(480): CodeIgniter\CodeIgniter->runController(Object(App\Controllers\gIndicadores))
 3 SYSTEMPATH\CodeIgniter.php(349): CodeIgniter\CodeIgniter->handleRequest(null, Object(Config\Cache), false)
 4 FCPATH\index.php(67): CodeIgniter\CodeIgniter->run()
 5 SYSTEMPATH\Commands\Server\rewrite.php(47): require_once('FCPATH\\index.php')
CRITICAL - 2023-01-06 13:40:39 --> Undefined property: App\Controllers\gIndicadores::$gIndicadorModel
in APPPATH\Controllers\gIndicadores.php on line 14.
 1 APPPATH\Controllers\gIndicadores.php(14): CodeIgniter\Debug\Exceptions->errorHandler(2, 'Undefined property: App\\Controllers\\gIndicadores::$gIndicadorModel', 'APPPATH\\Controllers\\gIndicadores.php', 14)
 2 SYSTEMPATH\CodeIgniter.php(925): App\Controllers\gIndicadores->getDatos()
 3 SYSTEMPATH\CodeIgniter.php(480): CodeIgniter\CodeIgniter->runController(Object(App\Controllers\gIndicadores))
 4 SYSTEMPATH\CodeIgniter.php(349): CodeIgniter\CodeIgniter->handleRequest(null, Object(Config\Cache), false)
 5 FCPATH\index.php(67): CodeIgniter\CodeIgniter->run()
 6 SYSTEMPATH\Commands\Server\rewrite.php(47): require_once('FCPATH\\index.php')
CRITICAL - 2023-01-06 13:51:07 --> Undefined variable $header
in APPPATH\Views\list.php on line 1.
 1 APPPATH\Views\list.php(1): CodeIgniter\Debug\Exceptions->errorHandler(2, 'Undefined variable $header', 'APPPATH\\Views\\list.php', 1)
 2 SYSTEMPATH\View\View.php(213): include('APPPATH\\Views\\list.php')
 3 SYSTEMPATH\View\View.php(216): CodeIgniter\View\View->CodeIgniter\View\{closure}()
 4 SYSTEMPATH\Common.php(1135): CodeIgniter\View\View->render('list', [], true)
 5 APPPATH\Controllers\gIndicadores.php(19): view('list', [...])
 6 SYSTEMPATH\CodeIgniter.php(925): App\Controllers\gIndicadores->getDatos()
 7 SYSTEMPATH\CodeIgniter.php(480): CodeIgniter\CodeIgniter->runController(Object(App\Controllers\gIndicadores))
 8 SYSTEMPATH\CodeIgniter.php(349): CodeIgniter\CodeIgniter->handleRequest(null, Object(Config\Cache), false)
 9 FCPATH\index.php(67): CodeIgniter\CodeIgniter->run()
10 SYSTEMPATH\Commands\Server\rewrite.php(47): require_once('FCPATH\\index.php')
CRITICAL - 2023-01-06 14:00:31 --> Array to string conversion
in APPPATH\Views\grafico.php on line 37.
 1 APPPATH\Views\grafico.php(37): CodeIgniter\Debug\Exceptions->errorHandler(2, 'Array to string conversion', 'APPPATH\\Views\\grafico.php', 37)
 2 SYSTEMPATH\View\View.php(213): include('APPPATH\\Views\\grafico.php')
 3 SYSTEMPATH\View\View.php(216): CodeIgniter\View\View->CodeIgniter\View\{closure}()
 4 SYSTEMPATH\Common.php(1135): CodeIgniter\View\View->render('grafico', [], true)
 5 APPPATH\Controllers\gIndicadores.php(19): view('grafico', [...])
 6 SYSTEMPATH\CodeIgniter.php(925): App\Controllers\gIndicadores->getDatos()
 7 SYSTEMPATH\CodeIgniter.php(480): CodeIgniter\CodeIgniter->runController(Object(App\Controllers\gIndicadores))
 8 SYSTEMPATH\CodeIgniter.php(349): CodeIgniter\CodeIgniter->handleRequest(null, Object(Config\Cache), false)
 9 FCPATH\index.php(67): CodeIgniter\CodeIgniter->run()
10 SYSTEMPATH\Commands\Server\rewrite.php(47): require_once('FCPATH\\index.php')
CRITICAL - 2023-01-06 14:00:57 --> Undefined array key "datos"
in APPPATH\Views\grafico.php on line 37.
 1 APPPATH\Views\grafico.php(37): CodeIgniter\Debug\Exceptions->errorHandler(2, 'Undefined array key "datos"', 'APPPATH\\Views\\grafico.php', 37)
 2 SYSTEMPATH\View\View.php(213): include('APPPATH\\Views\\grafico.php')
 3 SYSTEMPATH\View\View.php(216): CodeIgniter\View\View->CodeIgniter\View\{closure}()
 4 SYSTEMPATH\Common.php(1135): CodeIgniter\View\View->render('grafico', [], true)
 5 APPPATH\Controllers\gIndicadores.php(19): view('grafico', [...])
 6 SYSTEMPATH\CodeIgniter.php(925): App\Controllers\gIndicadores->getDatos()
 7 SYSTEMPATH\CodeIgniter.php(480): CodeIgniter\CodeIgniter->runController(Object(App\Controllers\gIndicadores))
 8 SYSTEMPATH\CodeIgniter.php(349): CodeIgniter\CodeIgniter->handleRequest(null, Object(Config\Cache), false)
 9 FCPATH\index.php(67): CodeIgniter\CodeIgniter->run()
10 SYSTEMPATH\Commands\Server\rewrite.php(47): require_once('FCPATH\\index.php')
CRITICAL - 2023-01-06 14:01:17 --> Array to string conversion
in APPPATH\Views\grafico.php on line 36.
 1 APPPATH\Views\grafico.php(36): CodeIgniter\Debug\Exceptions->errorHandler(2, 'Array to string conversion', 'APPPATH\\Views\\grafico.php', 36)
 2 SYSTEMPATH\View\View.php(213): include('APPPATH\\Views\\grafico.php')
 3 SYSTEMPATH\View\View.php(216): CodeIgniter\View\View->CodeIgniter\View\{closure}()
 4 SYSTEMPATH\Common.php(1135): CodeIgniter\View\View->render('grafico', [], true)
 5 APPPATH\Controllers\gIndicadores.php(19): view('grafico', [...])
 6 SYSTEMPATH\CodeIgniter.php(925): App\Controllers\gIndicadores->getDatos()
 7 SYSTEMPATH\CodeIgniter.php(480): CodeIgniter\CodeIgniter->runController(Object(App\Controllers\gIndicadores))
 8 SYSTEMPATH\CodeIgniter.php(349): CodeIgniter\CodeIgniter->handleRequest(null, Object(Config\Cache), false)
 9 FCPATH\index.php(67): CodeIgniter\CodeIgniter->run()
10 SYSTEMPATH\Commands\Server\rewrite.php(47): require_once('FCPATH\\index.php')
CRITICAL - 2023-01-06 14:01:33 --> Array to string conversion
in APPPATH\Views\grafico.php on line 36.
 1 APPPATH\Views\grafico.php(36): CodeIgniter\Debug\Exceptions->errorHandler(2, 'Array to string conversion', 'APPPATH\\Views\\grafico.php', 36)
 2 SYSTEMPATH\View\View.php(213): include('APPPATH\\Views\\grafico.php')
 3 SYSTEMPATH\View\View.php(216): CodeIgniter\View\View->CodeIgniter\View\{closure}()
 4 SYSTEMPATH\Common.php(1135): CodeIgniter\View\View->render('grafico', [], true)
 5 APPPATH\Controllers\gIndicadores.php(19): view('grafico', [...])
 6 SYSTEMPATH\CodeIgniter.php(925): App\Controllers\gIndicadores->getDatos()
 7 SYSTEMPATH\CodeIgniter.php(480): CodeIgniter\CodeIgniter->runController(Object(App\Controllers\gIndicadores))
 8 SYSTEMPATH\CodeIgniter.php(349): CodeIgniter\CodeIgniter->handleRequest(null, Object(Config\Cache), false)
 9 FCPATH\index.php(67): CodeIgniter\CodeIgniter->run()
10 SYSTEMPATH\Commands\Server\rewrite.php(47): require_once('FCPATH\\index.php')
CRITICAL - 2023-01-06 14:14:28 --> Undefined constant "valorIndicador"
in APPPATH\Views\grafico.php on line 24.
 1 SYSTEMPATH\View\View.php(213): include()
 2 SYSTEMPATH\View\View.php(216): CodeIgniter\View\View->CodeIgniter\View\{closure}()
 3 SYSTEMPATH\Common.php(1135): CodeIgniter\View\View->render('grafico', [], true)
 4 APPPATH\Controllers\gIndicadores.php(19): view('grafico', [...])
 5 SYSTEMPATH\CodeIgniter.php(925): App\Controllers\gIndicadores->getDatos()
 6 SYSTEMPATH\CodeIgniter.php(480): CodeIgniter\CodeIgniter->runController(Object(App\Controllers\gIndicadores))
 7 SYSTEMPATH\CodeIgniter.php(349): CodeIgniter\CodeIgniter->handleRequest(null, Object(Config\Cache), false)
 8 FCPATH\index.php(67): CodeIgniter\CodeIgniter->run()
 9 SYSTEMPATH\Commands\Server\rewrite.php(47): require_once('FCPATH\\index.php')
CRITICAL - 2023-01-06 14:19:17 --> Undefined variable $datos
in APPPATH\Views\grafico.php on line 23.
 1 APPPATH\Views\grafico.php(23): CodeIgniter\Debug\Exceptions->errorHandler(2, 'Undefined variable $datos', 'APPPATH\\Views\\grafico.php', 23)
 2 SYSTEMPATH\View\View.php(213): include('APPPATH\\Views\\grafico.php')
 3 SYSTEMPATH\View\View.php(216): CodeIgniter\View\View->CodeIgniter\View\{closure}()
 4 SYSTEMPATH\Common.php(1135): CodeIgniter\View\View->render('grafico', [], true)
 5 APPPATH\Controllers\Home.php(9): view('grafico')
 6 SYSTEMPATH\CodeIgniter.php(925): App\Controllers\Home->index()
 7 SYSTEMPATH\CodeIgniter.php(480): CodeIgniter\CodeIgniter->runController(Object(App\Controllers\Home))
 8 SYSTEMPATH\CodeIgniter.php(349): CodeIgniter\CodeIgniter->handleRequest(null, Object(Config\Cache), false)
 9 FCPATH\index.php(67): CodeIgniter\CodeIgniter->run()
10 SYSTEMPATH\Commands\Server\rewrite.php(47): require_once('FCPATH\\index.php')
CRITICAL - 2023-01-06 14:29:20 --> foreach() argument must be of type array|object, string given
in APPPATH\Views\grafico.php on line 41.
 1 APPPATH\Views\grafico.php(41): CodeIgniter\Debug\Exceptions->errorHandler(2, 'foreach() argument must be of type array|object, string given', 'APPPATH\\Views\\grafico.php', 41)
 2 SYSTEMPATH\View\View.php(213): include('APPPATH\\Views\\grafico.php')
 3 SYSTEMPATH\View\View.php(216): CodeIgniter\View\View->CodeIgniter\View\{closure}()
 4 SYSTEMPATH\Common.php(1135): CodeIgniter\View\View->render('grafico', [], true)
 5 APPPATH\Controllers\gIndicadores.php(19): view('grafico', [...])
 6 SYSTEMPATH\CodeIgniter.php(925): App\Controllers\gIndicadores->getDatos()
 7 SYSTEMPATH\CodeIgniter.php(480): CodeIgniter\CodeIgniter->runController(Object(App\Controllers\gIndicadores))
 8 SYSTEMPATH\CodeIgniter.php(349): CodeIgniter\CodeIgniter->handleRequest(null, Object(Config\Cache), false)
 9 FCPATH\index.php(67): CodeIgniter\CodeIgniter->run()
10 SYSTEMPATH\Commands\Server\rewrite.php(47): require_once('FCPATH\\index.php')
CRITICAL - 2023-01-06 14:29:43 --> foreach() argument must be of type array|object, string given
in APPPATH\Views\grafico.php on line 41.
 1 APPPATH\Views\grafico.php(41): CodeIgniter\Debug\Exceptions->errorHandler(2, 'foreach() argument must be of type array|object, string given', 'APPPATH\\Views\\grafico.php', 41)
 2 SYSTEMPATH\View\View.php(213): include('APPPATH\\Views\\grafico.php')
 3 SYSTEMPATH\View\View.php(216): CodeIgniter\View\View->CodeIgniter\View\{closure}()
 4 SYSTEMPATH\Common.php(1135): CodeIgniter\View\View->render('grafico', [], true)
 5 APPPATH\Controllers\gIndicadores.php(19): view('grafico', [...])
 6 SYSTEMPATH\CodeIgniter.php(925): App\Controllers\gIndicadores->getDatos()
 7 SYSTEMPATH\CodeIgniter.php(480): CodeIgniter\CodeIgniter->runController(Object(App\Controllers\gIndicadores))
 8 SYSTEMPATH\CodeIgniter.php(349): CodeIgniter\CodeIgniter->handleRequest(null, Object(Config\Cache), false)
 9 FCPATH\index.php(67): CodeIgniter\CodeIgniter->run()
10 SYSTEMPATH\Commands\Server\rewrite.php(47): require_once('FCPATH\\index.php')
CRITICAL - 2023-01-06 14:40:51 --> Unsupported operand types: string + string
in APPPATH\Views\grafico.php on line 44.
 1 SYSTEMPATH\View\View.php(213): include()
 2 SYSTEMPATH\View\View.php(216): CodeIgniter\View\View->CodeIgniter\View\{closure}()
 3 SYSTEMPATH\Common.php(1135): CodeIgniter\View\View->render('grafico', [], true)
 4 APPPATH\Controllers\gIndicadores.php(19): view('grafico', [...])
 5 SYSTEMPATH\CodeIgniter.php(925): App\Controllers\gIndicadores->getDatos()
 6 SYSTEMPATH\CodeIgniter.php(480): CodeIgniter\CodeIgniter->runController(Object(App\Controllers\gIndicadores))
 7 SYSTEMPATH\CodeIgniter.php(349): CodeIgniter\CodeIgniter->handleRequest(null, Object(Config\Cache), false)
 8 FCPATH\index.php(67): CodeIgniter\CodeIgniter->run()
 9 SYSTEMPATH\Commands\Server\rewrite.php(47): require_once('FCPATH\\index.php')
CRITICAL - 2023-01-06 14:41:32 --> Array to string conversion
in APPPATH\Views\grafico.php on line 44.
 1 APPPATH\Views\grafico.php(44): CodeIgniter\Debug\Exceptions->errorHandler(2, 'Array to string conversion', 'APPPATH\\Views\\grafico.php', 44)
 2 SYSTEMPATH\View\View.php(213): include('APPPATH\\Views\\grafico.php')
 3 SYSTEMPATH\View\View.php(216): CodeIgniter\View\View->CodeIgniter\View\{closure}()
 4 SYSTEMPATH\Common.php(1135): CodeIgniter\View\View->render('grafico', [], true)
 5 APPPATH\Controllers\gIndicadores.php(19): view('grafico', [...])
 6 SYSTEMPATH\CodeIgniter.php(925): App\Controllers\gIndicadores->getDatos()
 7 SYSTEMPATH\CodeIgniter.php(480): CodeIgniter\CodeIgniter->runController(Object(App\Controllers\gIndicadores))
 8 SYSTEMPATH\CodeIgniter.php(349): CodeIgniter\CodeIgniter->handleRequest(null, Object(Config\Cache), false)
 9 FCPATH\index.php(67): CodeIgniter\CodeIgniter->run()
10 SYSTEMPATH\Commands\Server\rewrite.php(47): require_once('FCPATH\\index.php')
CRITICAL - 2023-01-06 14:46:20 --> foreach() argument must be of type array|object, string given
in APPPATH\Views\grafico.php on line 46.
 1 APPPATH\Views\grafico.php(46): CodeIgniter\Debug\Exceptions->errorHandler(2, 'foreach() argument must be of type array|object, string given', 'APPPATH\\Views\\grafico.php', 46)
 2 SYSTEMPATH\View\View.php(213): include('APPPATH\\Views\\grafico.php')
 3 SYSTEMPATH\View\View.php(216): CodeIgniter\View\View->CodeIgniter\View\{closure}()
 4 SYSTEMPATH\Common.php(1135): CodeIgniter\View\View->render('grafico', [], true)
 5 APPPATH\Controllers\gIndicadores.php(19): view('grafico', [...])
 6 SYSTEMPATH\CodeIgniter.php(925): App\Controllers\gIndicadores->getDatos()
 7 SYSTEMPATH\CodeIgniter.php(480): CodeIgniter\CodeIgniter->runController(Object(App\Controllers\gIndicadores))
 8 SYSTEMPATH\CodeIgniter.php(349): CodeIgniter\CodeIgniter->handleRequest(null, Object(Config\Cache), false)
 9 FCPATH\index.php(67): CodeIgniter\CodeIgniter->run()
10 SYSTEMPATH\Commands\Server\rewrite.php(47): require_once('FCPATH\\index.php')
CRITICAL - 2023-01-06 14:46:51 --> foreach() argument must be of type array|object, string given
in APPPATH\Views\grafico.php on line 46.
 1 APPPATH\Views\grafico.php(46): CodeIgniter\Debug\Exceptions->errorHandler(2, 'foreach() argument must be of type array|object, string given', 'APPPATH\\Views\\grafico.php', 46)
 2 SYSTEMPATH\View\View.php(213): include('APPPATH\\Views\\grafico.php')
 3 SYSTEMPATH\View\View.php(216): CodeIgniter\View\View->CodeIgniter\View\{closure}()
 4 SYSTEMPATH\Common.php(1135): CodeIgniter\View\View->render('grafico', [], true)
 5 APPPATH\Controllers\gIndicadores.php(19): view('grafico', [...])
 6 SYSTEMPATH\CodeIgniter.php(925): App\Controllers\gIndicadores->getDatos()
 7 SYSTEMPATH\CodeIgniter.php(480): CodeIgniter\CodeIgniter->runController(Object(App\Controllers\gIndicadores))
 8 SYSTEMPATH\CodeIgniter.php(349): CodeIgniter\CodeIgniter->handleRequest(null, Object(Config\Cache), false)
 9 FCPATH\index.php(67): CodeIgniter\CodeIgniter->run()
10 SYSTEMPATH\Commands\Server\rewrite.php(47): require_once('FCPATH\\index.php')
CRITICAL - 2023-01-06 14:48:40 --> Undefined variable $valor
in APPPATH\Views\grafico.php on line 50.
 1 APPPATH\Views\grafico.php(50): CodeIgniter\Debug\Exceptions->errorHandler(2, 'Undefined variable $valor', 'APPPATH\\Views\\grafico.php', 50)
 2 SYSTEMPATH\View\View.php(213): include('APPPATH\\Views\\grafico.php')
 3 SYSTEMPATH\View\View.php(216): CodeIgniter\View\View->CodeIgniter\View\{closure}()
 4 SYSTEMPATH\Common.php(1135): CodeIgniter\View\View->render('grafico', [], true)
 5 APPPATH\Controllers\gIndicadores.php(19): view('grafico', [...])
 6 SYSTEMPATH\CodeIgniter.php(925): App\Controllers\gIndicadores->getDatos()
 7 SYSTEMPATH\CodeIgniter.php(480): CodeIgniter\CodeIgniter->runController(Object(App\Controllers\gIndicadores))
 8 SYSTEMPATH\CodeIgniter.php(349): CodeIgniter\CodeIgniter->handleRequest(null, Object(Config\Cache), false)
 9 FCPATH\index.php(67): CodeIgniter\CodeIgniter->run()
10 SYSTEMPATH\Commands\Server\rewrite.php(47): require_once('FCPATH\\index.php')
CRITICAL - 2023-01-06 14:52:04 --> Attempt to read property "items" on string
in APPPATH\Views\grafico.php on line 46.
 1 APPPATH\Views\grafico.php(46): CodeIgniter\Debug\Exceptions->errorHandler(2, 'Attempt to read property "items" on string', 'APPPATH\\Views\\grafico.php', 46)
 2 SYSTEMPATH\View\View.php(213): include('APPPATH\\Views\\grafico.php')
 3 SYSTEMPATH\View\View.php(216): CodeIgniter\View\View->CodeIgniter\View\{closure}()
 4 SYSTEMPATH\Common.php(1135): CodeIgniter\View\View->render('grafico', [], true)
 5 APPPATH\Controllers\gIndicadores.php(19): view('grafico', [...])
 6 SYSTEMPATH\CodeIgniter.php(925): App\Controllers\gIndicadores->getDatos()
 7 SYSTEMPATH\CodeIgniter.php(480): CodeIgniter\CodeIgniter->runController(Object(App\Controllers\gIndicadores))
 8 SYSTEMPATH\CodeIgniter.php(349): CodeIgniter\CodeIgniter->handleRequest(null, Object(Config\Cache), false)
 9 FCPATH\index.php(67): CodeIgniter\CodeIgniter->run()
10 SYSTEMPATH\Commands\Server\rewrite.php(47): require_once('FCPATH\\index.php')
CRITICAL - 2023-01-06 14:52:22 --> Attempt to read property "items" on string
in APPPATH\Views\grafico.php on line 43.
 1 APPPATH\Views\grafico.php(43): CodeIgniter\Debug\Exceptions->errorHandler(2, 'Attempt to read property "items" on string', 'APPPATH\\Views\\grafico.php', 43)
 2 SYSTEMPATH\View\View.php(213): include('APPPATH\\Views\\grafico.php')
 3 SYSTEMPATH\View\View.php(216): CodeIgniter\View\View->CodeIgniter\View\{closure}()
 4 SYSTEMPATH\Common.php(1135): CodeIgniter\View\View->render('grafico', [], true)
 5 APPPATH\Controllers\gIndicadores.php(19): view('grafico', [...])
 6 SYSTEMPATH\CodeIgniter.php(925): App\Controllers\gIndicadores->getDatos()
 7 SYSTEMPATH\CodeIgniter.php(480): CodeIgniter\CodeIgniter->runController(Object(App\Controllers\gIndicadores))
 8 SYSTEMPATH\CodeIgniter.php(349): CodeIgniter\CodeIgniter->handleRequest(null, Object(Config\Cache), false)
 9 FCPATH\index.php(67): CodeIgniter\CodeIgniter->run()
10 SYSTEMPATH\Commands\Server\rewrite.php(47): require_once('FCPATH\\index.php')
CRITICAL - 2023-01-06 14:52:24 --> Attempt to read property "items" on string
in APPPATH\Views\grafico.php on line 43.
 1 APPPATH\Views\grafico.php(43): CodeIgniter\Debug\Exceptions->errorHandler(2, 'Attempt to read property "items" on string', 'APPPATH\\Views\\grafico.php', 43)
 2 SYSTEMPATH\View\View.php(213): include('APPPATH\\Views\\grafico.php')
 3 SYSTEMPATH\View\View.php(216): CodeIgniter\View\View->CodeIgniter\View\{closure}()
 4 SYSTEMPATH\Common.php(1135): CodeIgniter\View\View->render('grafico', [], true)
 5 APPPATH\Controllers\gIndicadores.php(19): view('grafico', [...])
 6 SYSTEMPATH\CodeIgniter.php(925): App\Controllers\gIndicadores->getDatos()
 7 SYSTEMPATH\CodeIgniter.php(480): CodeIgniter\CodeIgniter->runController(Object(App\Controllers\gIndicadores))
 8 SYSTEMPATH\CodeIgniter.php(349): CodeIgniter\CodeIgniter->handleRequest(null, Object(Config\Cache), false)
 9 FCPATH\index.php(67): CodeIgniter\CodeIgniter->run()
10 SYSTEMPATH\Commands\Server\rewrite.php(47): require_once('FCPATH\\index.php')
CRITICAL - 2023-01-06 14:52:42 --> foreach() argument must be of type array|object, string given
in APPPATH\Views\grafico.php on line 43.
 1 APPPATH\Views\grafico.php(43): CodeIgniter\Debug\Exceptions->errorHandler(2, 'foreach() argument must be of type array|object, string given', 'APPPATH\\Views\\grafico.php', 43)
 2 SYSTEMPATH\View\View.php(213): include('APPPATH\\Views\\grafico.php')
 3 SYSTEMPATH\View\View.php(216): CodeIgniter\View\View->CodeIgniter\View\{closure}()
 4 SYSTEMPATH\Common.php(1135): CodeIgniter\View\View->render('grafico', [], true)
 5 APPPATH\Controllers\gIndicadores.php(19): view('grafico', [...])
 6 SYSTEMPATH\CodeIgniter.php(925): App\Controllers\gIndicadores->getDatos()
 7 SYSTEMPATH\CodeIgniter.php(480): CodeIgniter\CodeIgniter->runController(Object(App\Controllers\gIndicadores))
 8 SYSTEMPATH\CodeIgniter.php(349): CodeIgniter\CodeIgniter->handleRequest(null, Object(Config\Cache), false)
 9 FCPATH\index.php(67): CodeIgniter\CodeIgniter->run()
10 SYSTEMPATH\Commands\Server\rewrite.php(47): require_once('FCPATH\\index.php')
CRITICAL - 2023-01-06 14:52:49 --> Attempt to read property "items" on string
in APPPATH\Views\grafico.php on line 43.
 1 APPPATH\Views\grafico.php(43): CodeIgniter\Debug\Exceptions->errorHandler(2, 'Attempt to read property "items" on string', 'APPPATH\\Views\\grafico.php', 43)
 2 SYSTEMPATH\View\View.php(213): include('APPPATH\\Views\\grafico.php')
 3 SYSTEMPATH\View\View.php(216): CodeIgniter\View\View->CodeIgniter\View\{closure}()
 4 SYSTEMPATH\Common.php(1135): CodeIgniter\View\View->render('grafico', [], true)
 5 APPPATH\Controllers\gIndicadores.php(19): view('grafico', [...])
 6 SYSTEMPATH\CodeIgniter.php(925): App\Controllers\gIndicadores->getDatos()
 7 SYSTEMPATH\CodeIgniter.php(480): CodeIgniter\CodeIgniter->runController(Object(App\Controllers\gIndicadores))
 8 SYSTEMPATH\CodeIgniter.php(349): CodeIgniter\CodeIgniter->handleRequest(null, Object(Config\Cache), false)
 9 FCPATH\index.php(67): CodeIgniter\CodeIgniter->run()
10 SYSTEMPATH\Commands\Server\rewrite.php(47): require_once('FCPATH\\index.php')
CRITICAL - 2023-01-06 14:53:35 --> Attempt to read property "items" on string
in APPPATH\Views\grafico.php on line 49.
 1 APPPATH\Views\grafico.php(49): CodeIgniter\Debug\Exceptions->errorHandler(2, 'Attempt to read property "items" on string', 'APPPATH\\Views\\grafico.php', 49)
 2 SYSTEMPATH\View\View.php(213): include('APPPATH\\Views\\grafico.php')
 3 SYSTEMPATH\View\View.php(216): CodeIgniter\View\View->CodeIgniter\View\{closure}()
 4 SYSTEMPATH\Common.php(1135): CodeIgniter\View\View->render('grafico', [], true)
 5 APPPATH\Controllers\gIndicadores.php(19): view('grafico', [...])
 6 SYSTEMPATH\CodeIgniter.php(925): App\Controllers\gIndicadores->getDatos()
 7 SYSTEMPATH\CodeIgniter.php(480): CodeIgniter\CodeIgniter->runController(Object(App\Controllers\gIndicadores))
 8 SYSTEMPATH\CodeIgniter.php(349): CodeIgniter\CodeIgniter->handleRequest(null, Object(Config\Cache), false)
 9 FCPATH\index.php(67): CodeIgniter\CodeIgniter->run()
10 SYSTEMPATH\Commands\Server\rewrite.php(47): require_once('FCPATH\\index.php')
CRITICAL - 2023-01-06 15:46:36 --> Undefined variable $header
in APPPATH\Views\grafico.php on line 1.
 1 APPPATH\Views\grafico.php(1): CodeIgniter\Debug\Exceptions->errorHandler(2, 'Undefined variable $header', 'APPPATH\\Views\\grafico.php', 1)
 2 SYSTEMPATH\View\View.php(213): include('APPPATH\\Views\\grafico.php')
 3 SYSTEMPATH\View\View.php(216): CodeIgniter\View\View->CodeIgniter\View\{closure}()
 4 SYSTEMPATH\Common.php(1135): CodeIgniter\View\View->render('grafico', [], true)
 5 APPPATH\Controllers\gIndicadores.php(15): view('grafico', [...])
 6 SYSTEMPATH\CodeIgniter.php(925): App\Controllers\gIndicadores->getDatos()
 7 SYSTEMPATH\CodeIgniter.php(480): CodeIgniter\CodeIgniter->runController(Object(App\Controllers\gIndicadores))
 8 SYSTEMPATH\CodeIgniter.php(349): CodeIgniter\CodeIgniter->handleRequest(null, Object(Config\Cache), false)
 9 FCPATH\index.php(67): CodeIgniter\CodeIgniter->run()
10 SYSTEMPATH\Commands\Server\rewrite.php(47): require_once('FCPATH\\index.php')
CRITICAL - 2023-01-06 15:47:49 --> Undefined variable $footer
in APPPATH\Views\grafico.php on line 137.
 1 APPPATH\Views\grafico.php(137): CodeIgniter\Debug\Exceptions->errorHandler(2, 'Undefined variable $footer', 'APPPATH\\Views\\grafico.php', 137)
 2 SYSTEMPATH\View\View.php(213): include('APPPATH\\Views\\grafico.php')
 3 SYSTEMPATH\View\View.php(216): CodeIgniter\View\View->CodeIgniter\View\{closure}()
 4 SYSTEMPATH\Common.php(1135): CodeIgniter\View\View->render('grafico', [], true)
 5 APPPATH\Controllers\gIndicadores.php(15): view('grafico', [...])
 6 SYSTEMPATH\CodeIgniter.php(925): App\Controllers\gIndicadores->getDatos()
 7 SYSTEMPATH\CodeIgniter.php(480): CodeIgniter\CodeIgniter->runController(Object(App\Controllers\gIndicadores))
 8 SYSTEMPATH\CodeIgniter.php(349): CodeIgniter\CodeIgniter->handleRequest(null, Object(Config\Cache), false)
 9 FCPATH\index.php(67): CodeIgniter\CodeIgniter->run()
10 SYSTEMPATH\Commands\Server\rewrite.php(47): require_once('FCPATH\\index.php')
